
Collecting usage statistics. To deactivate, set browser.gatherUsageStats to false.


  You can now view your Streamlit app in your browser.

  Local URL: http://localhost:8501
  Network URL: http://192.168.0.2:8501
  External URL: http://35.224.132.190:8501

2026-02-18 18:44:11,647 - WARNING - SNOTEL 335 failed: HTTPSConnectionPool(host='wcc.sc.egov.usda.gov', port=443): Max retries exceeded with url: /reportGenerator/view/customSingleStationReport/daily/335:CO:SNTL%7Cid=%22%22%7Cname/-29,0/WTEQ::value,WTEQ::median_1991,WTEQ::pctOfMedian_1991,SNWD::value,PREC::value,PREC::median_1991,PREC::pctOfMedian_1991,TMAX::value,TMIN::value,TAVG::value?fitToScreen=false (Caused by ConnectTimeoutError(<HTTPSConnection(host='wcc.sc.egov.usda.gov', port=443) at 0x7fae502c7cb0>, 'Connection to wcc.sc.egov.usda.gov timed out. (connect timeout=30)'))
2026-02-18 18:44:45,833 - INFO - [Winter Park] Cache Hit (Valid < 4hr)
2026-02-18 18:44:45,852 - INFO - [Winter Park] Processed 3024 rows from 18 models
2026-02-18 18:44:47.222 Please replace `use_container_width` with `width`.

`use_container_width` will be removed after 2025-12-31.

For `use_container_width=True`, use `width='stretch'`. For `use_container_width=False`, use `width='content'`.
2026-02-18 18:44:47.232 Please replace `use_container_width` with `width`.

`use_container_width` will be removed after 2025-12-31.

For `use_container_width=True`, use `width='stretch'`. For `use_container_width=False`, use `width='content'`.
2026-02-18 18:44:47.248 Please replace `use_container_width` with `width`.

`use_container_width` will be removed after 2025-12-31.

For `use_container_width=True`, use `width='stretch'`. For `use_container_width=False`, use `width='content'`.
2026-02-18 18:44:47.318 Please replace `use_container_width` with `width`.

`use_container_width` will be removed after 2025-12-31.

For `use_container_width=True`, use `width='stretch'`. For `use_container_width=False`, use `width='content'`.
2026-02-18 18:44:47.324 Please replace `use_container_width` with `width`.

`use_container_width` will be removed after 2025-12-31.

For `use_container_width=True`, use `width='stretch'`. For `use_container_width=False`, use `width='content'`.
2026-02-18 18:44:47.335 Please replace `use_container_width` with `width`.

`use_container_width` will be removed after 2025-12-31.

For `use_container_width=True`, use `width='stretch'`. For `use_container_width=False`, use `width='content'`.
2026-02-18 18:44:47.341 Please replace `use_container_width` with `width`.

`use_container_width` will be removed after 2025-12-31.

For `use_container_width=True`, use `width='stretch'`. For `use_container_width=False`, use `width='content'`.
2026-02-18 18:44:47.349 Please replace `use_container_width` with `width`.

`use_container_width` will be removed after 2025-12-31.

For `use_container_width=True`, use `width='stretch'`. For `use_container_width=False`, use `width='content'`.
  Stopping...
